<?xml version="1.0" encoding="UTF-8"?>
<testsuite xmlns:xsi="http://www.w3.org/2001/XMLSchema-instance" xsi:noNamespaceSchemaLocation="https://maven.apache.org/surefire/maven-surefire-plugin/xsd/surefire-test-report.xsd" name="com.redhat.tomc.ExampleResourceTest" time="3.283" tests="1" errors="0" skipped="0" failures="1">
  <properties>
[...]
</properties>
  <testcase name="testHelloEndpoint" classname="com.redhat.tomc.ExampleResourceTest" time="1.046">
    <failure message="1 expectation failed.&#10;Response body doesn&apos;t match expectation.&#10;Expected: is &quot;hello&quot;&#10;  Actual: HOLA !!!!!&#10;" type="java.lang.AssertionError">java.lang.AssertionError: 
1 expectation failed.
Response body doesn't match expectation.
Expected: is "hello"
  Actual: HOLA !!!!!

	at com.redhat.tomc.ExampleResourceTest.testHelloEndpoint(ExampleResourceTest.java:18)
</failure>
    <system-out><![CDATA[2020-02-09 06:06:08,867 INFO  [io.quarkus] (main) Quarkus 1.2.0.Final started in 0.345s. Listening on: http://0.0.0.0:8081
2020-02-09 06:06:08,868 INFO  [io.quarkus] (main) Profile test activated. 
2020-02-09 06:06:08,869 INFO  [io.quarkus] (main) Installed features: [cdi, rest-client, resteasy]
]]></system-out>
  </testcase>
</testsuite>